# JRE version: Java(TM) SE Runtime Environment (8.0_91-b14) (build 1.8.0_91-b14)
# Java VM: Java HotSpot(TM) 64-Bit Server VM (25.91-b14 mixed mode windows-amd64 compressed oops)
Heap:
 PSYoungGen      total 38400K, used 13001K [0x00000000d5d80000, 0x00000000d8800000, 0x0000000100000000)
  eden space 33280K, 23% used [0x00000000d5d80000,0x00000000d6535958,0x00000000d7e00000)
  from space 5120K, 99% used [0x00000000d8300000,0x00000000d87fcbe8,0x00000000d8800000)
  to   space 5120K, 0% used [0x00000000d7e00000,0x00000000d7e00000,0x00000000d8300000)
 ParOldGen       total 87552K, used 50965K [0x0000000081800000, 0x0000000086d80000, 0x00000000d5d80000)
  object space 87552K, 58% used [0x0000000081800000,0x00000000849c5590,0x0000000086d80000)
 Metaspace       used 13174K, capacity 13396K, committed 13824K, reserved 1060864K
  class space    used 1610K, capacity 1684K, committed 1792K, reserved 1048576K
GC Heap History (8 events):
Event: 20.243 GC heap before
{Heap before GC invocations=1 (full 0):
 PSYoungGen      total 38400K, used 33222K [0x00000000d5d80000, 0x00000000d8800000, 0x0000000100000000)
  eden space 33280K, 99% used [0x00000000d5d80000,0x00000000d7df1890,0x00000000d7e00000)
  from space 5120K, 0% used [0x00000000d8300000,0x00000000d8300000,0x00000000d8800000)
  to   space 5120K, 0% used [0x00000000d7e00000,0x00000000d7e00000,0x00000000d8300000)
 ParOldGen       total 87552K, used 0K [0x0000000081800000, 0x0000000086d80000, 0x00000000d5d80000)
  object space 87552K, 0% used [0x0000000081800000,0x0000000081800000,0x0000000086d80000)
 Metaspace       used 11841K, capacity 12024K, committed 12416K, reserved 1060864K
  class space    used 1485K, capacity 1548K, committed 1664K, reserved 1048576K
Event: 20.252 GC heap after
Heap after GC invocations=1 (full 0):
 PSYoungGen      total 38400K, used 5115K [0x00000000d5d80000, 0x00000000d8800000, 0x0000000100000000)
  eden space 33280K, 0% used [0x00000000d5d80000,0x00000000d5d80000,0x00000000d7e00000)
  from space 5120K, 99% used [0x00000000d7e00000,0x00000000d82feec0,0x00000000d8300000)
  to   space 5120K, 0% used [0x00000000d8300000,0x00000000d8300000,0x00000000d8800000)
 ParOldGen       total 87552K, used 10340K [0x0000000081800000, 0x0000000086d80000, 0x00000000d5d80000)
  object space 87552K, 11% used [0x0000000081800000,0x00000000822191f0,0x0000000086d80000)
 Metaspace       used 11841K, capacity 12024K, committed 12416K, reserved 1060864K
  class space    used 1485K, capacity 1548K, committed 1664K, reserved 1048576K
}
Event: 122.150 GC heap before
{Heap before GC invocations=2 (full 0):
 PSYoungGen      total 38400K, used 38395K [0x00000000d5d80000, 0x00000000d8800000, 0x0000000100000000)
  eden space 33280K, 100% used [0x00000000d5d80000,0x00000000d7e00000,0x00000000d7e00000)
  from space 5120K, 99% used [0x00000000d7e00000,0x00000000d82feec0,0x00000000d8300000)
  to   space 5120K, 0% used [0x00000000d8300000,0x00000000d8300000,0x00000000d8800000)
 ParOldGen       total 87552K, used 42344K [0x0000000081800000, 0x0000000086d80000, 0x00000000d5d80000)
  object space 87552K, 48% used [0x0000000081800000,0x000000008415a200,0x0000000086d80000)
 Metaspace       used 13153K, capacity 13396K, committed 13824K, reserved 1060864K
  class space    used 1607K, capacity 1684K, committed 1792K, reserved 1048576K
Event: 122.157 GC heap after
Heap after GC invocations=2 (full 0):
 PSYoungGen      total 38400K, used 5098K [0x00000000d5d80000, 0x00000000d8800000, 0x0000000100000000)
  eden space 33280K, 0% used [0x00000000d5d80000,0x00000000d5d80000,0x00000000d7e00000)
  from space 5120K, 99% used [0x00000000d8300000,0x00000000d87fa9f8,0x00000000d8800000)
  to   space 5120K, 0% used [0x00000000d7e00000,0x00000000d7e00000,0x00000000d8300000)
 ParOldGen       total 87552K, used 50059K [0x0000000081800000, 0x0000000086d80000, 0x00000000d5d80000)
  object space 87552K, 57% used [0x0000000081800000,0x00000000848e2da0,0x0000000086d80000)
 Metaspace       used 13153K, capacity 13396K, committed 13824K, reserved 1060864K
  class space    used 1607K, capacity 1684K, committed 1792K, reserved 1048576K
}
Event: 143.539 GC heap before
{Heap before GC invocations=3 (full 0):
 PSYoungGen      total 38400K, used 38378K [0x00000000d5d80000, 0x00000000d8800000, 0x0000000100000000)
  eden space 33280K, 100% used [0x00000000d5d80000,0x00000000d7e00000,0x00000000d7e00000)
  from space 5120K, 99% used [0x00000000d8300000,0x00000000d87fa9f8,0x00000000d8800000)
  to   space 5120K, 0% used [0x00000000d7e00000,0x00000000d7e00000,0x00000000d8300000)
 ParOldGen       total 87552K, used 50059K [0x0000000081800000, 0x0000000086d80000, 0x00000000d5d80000)
  object space 87552K, 57% used [0x0000000081800000,0x00000000848e2da0,0x0000000086d80000)
 Metaspace       used 13165K, capacity 13396K, committed 13824K, reserved 1060864K
  class space    used 1608K, capacity 1684K, committed 1792K, reserved 1048576K
Event: 143.543 GC heap after
Heap after GC invocations=3 (full 0):
 PSYoungGen      total 38400K, used 5106K [0x00000000d5d80000, 0x00000000d8800000, 0x0000000100000000)
  eden space 33280K, 0% used [0x00000000d5d80000,0x00000000d5d80000,0x00000000d7e00000)
  from space 5120K, 99% used [0x00000000d7e00000,0x00000000d82fcbe8,0x00000000d8300000)
  to   space 5120K, 0% used [0x00000000d8300000,0x00000000d8300000,0x00000000d8800000)
 ParOldGen       total 87552K, used 50456K [0x0000000081800000, 0x0000000086d80000, 0x00000000d5d80000)
  object space 87552K, 57% used [0x0000000081800000,0x0000000084946280,0x0000000086d80000)
 Metaspace       used 13165K, capacity 13396K, committed 13824K, reserved 1060864K
  class space    used 1608K, capacity 1684K, committed 1792K, reserved 1048576K
}
Event: 144.100 GC heap before
{Heap before GC invocations=4 (full 0):
 PSYoungGen      total 38400K, used 38386K [0x00000000d5d80000, 0x00000000d8800000, 0x0000000100000000)
  eden space 33280K, 100% used [0x00000000d5d80000,0x00000000d7e00000,0x00000000d7e00000)
  from space 5120K, 99% used [0x00000000d7e00000,0x00000000d82fcbe8,0x00000000d8300000)
  to   space 5120K, 0% used [0x00000000d8300000,0x00000000d8300000,0x00000000d8800000)
 ParOldGen       total 87552K, used 50456K [0x0000000081800000, 0x0000000086d80000, 0x00000000d5d80000)
  object space 87552K, 57% used [0x0000000081800000,0x0000000084946280,0x0000000086d80000)
 Metaspace       used 13166K, capacity 13396K, committed 13824K, reserved 1060864K
  class space    used 1608K, capacity 1684K, committed 1792K, reserved 1048576K
Event: 144.103 GC heap after
Heap after GC invocations=4 (full 0):
 PSYoungGen      total 38400K, used 5106K [0x00000000d5d80000, 0x00000000d8800000, 0x0000000100000000)
  eden space 33280K, 0% used [0x00000000d5d80000,0x00000000d5d80000,0x00000000d7e00000)
  from space 5120K, 99% used [0x00000000d8300000,0x00000000d87fcbe8,0x00000000d8800000)
  to   space 5120K, 0% used [0x00000000d7e00000,0x00000000d7e00000,0x00000000d8300000)
 ParOldGen       total 87552K, used 50965K [0x0000000081800000, 0x0000000086d80000, 0x00000000d5d80000)
  object space 87552K, 58% used [0x0000000081800000,0x00000000849c5590,0x0000000086d80000)
 Metaspace       used 13166K, capacity 13396K, committed 13824K, reserved 1060864K
  class space    used 1608K, capacity 1684K, committed 1792K, reserved 1048576K
}

